[debug] [2025-11-23T22:15:43.008Z] ----------------------------------------------------------------------
[debug] [2025-11-23T22:15:43.010Z] Command:       /Users/matthewfang/.nvm/versions/node/v22.18.0/bin/node /Users/matthewfang/.nvm/versions/node/v22.18.0/bin/firebase init functions
[debug] [2025-11-23T22:15:43.010Z] CLI Version:   14.26.0
[debug] [2025-11-23T22:15:43.010Z] Platform:      darwin
[debug] [2025-11-23T22:15:43.010Z] Node Version:  v22.18.0
[debug] [2025-11-23T22:15:43.010Z] Time:          Sun Nov 23 2025 14:15:43 GMT-0800 (Pacific Standard Time)
[debug] [2025-11-23T22:15:43.010Z] ----------------------------------------------------------------------
[debug] 
[info] 
     ######## #### ########  ######## ########     ###     ######  ########
     ##        ##  ##     ## ##       ##     ##  ##   ##  ##       ##
     ######    ##  ########  ######   ########  #########  ######  ######
     ##        ##  ##    ##  ##       ##     ## ##     ##       ## ##
     ##       #### ##     ## ######## ########  ##     ##  ######  ########

You're about to initialize a Firebase project in this directory:

  /Users/matthewfang/Documents/mailbox

[info] 
=== Project Setup
[info] 
[info] First, let's associate this project directory with a Firebase project.
[info] You can create multiple project aliases by running firebase use --add, 
[info] 
[debug] [2025-11-23T22:15:49.486Z] > command requires scopes: ["email","openid","https://www.googleapis.com/auth/cloudplatformprojects.readonly","https://www.googleapis.com/auth/firebase","https://www.googleapis.com/auth/cloud-platform"]
[debug] [2025-11-23T22:15:49.486Z] > authorizing via signed-in user (matthewfang.calif@gmail.com)
[debug] [2025-11-23T22:15:49.487Z] Checked if tokens are valid: true, expires at: 1763939730119
[debug] [2025-11-23T22:15:49.488Z] Checked if tokens are valid: true, expires at: 1763939730119
[debug] [2025-11-23T22:15:49.489Z] >>> [apiv2][query] GET https://firebase.googleapis.com/v1beta1/projects pageSize=100
[debug] [2025-11-23T22:15:49.959Z] <<< [apiv2][status] GET https://firebase.googleapis.com/v1beta1/projects 200
[debug] [2025-11-23T22:15:49.960Z] <<< [apiv2][body] GET https://firebase.googleapis.com/v1beta1/projects [omitted]
